<?xml version="1.0" encoding="UTF-8"?>
<testsuite xmlns:xsi="http://www.w3.org/2001/XMLSchema-instance" xsi:schemaLocation="https://maven.apache.org/surefire/maven-surefire-plugin/xsd/surefire-test-report.xsd" name="zulus.lab1.MatrixTest" time="0.164" tests="29" errors="0" skipped="0" failures="0">
  <properties>
    <property name="java.runtime.name" value="Java(TM) SE Runtime Environment"/>
    <property name="java.vm.version" value="10+46"/>
    <property name="sun.boot.library.path" value="/usr/lib/jvm/jdk-10/lib"/>
    <property name="maven.multiModuleProjectDirectory" value="/home/zulus/projects/basis-of-program-technology"/>
    <property name="java.vm.vendor" value="&quot;Oracle Corporation&quot;"/>
    <property name="java.vendor.url" value="http://java.oracle.com/"/>
    <property name="guice.disable.misplaced.annotation.check" value="true"/>
    <property name="path.separator" value=":"/>
    <property name="java.vm.name" value="Java HotSpot(TM) 64-Bit Server VM"/>
    <property name="file.encoding.pkg" value="sun.io"/>
    <property name="sun.os.patch.level" value="unknown"/>
    <property name="user.country" value="US"/>
    <property name="sun.java.launcher" value="SUN_STANDARD"/>
    <property name="java.vm.specification.name" value="Java Virtual Machine Specification"/>
    <property name="user.dir" value="/home/zulus/projects/basis-of-program-technology"/>
    <property name="java.vm.compressedOopsMode" value="32-bit"/>
    <property name="java.runtime.version" value="10+46"/>
    <property name="java.awt.graphicsenv" value="sun.awt.X11GraphicsEnvironment"/>
    <property name="os.arch" value="amd64"/>
    <property name="java.io.tmpdir" value="/tmp"/>
    <property name="line.separator" value="&#10;"/>
    <property name="java.vm.specification.vendor" value="Oracle Corporation"/>
    <property name="os.name" value="Linux"/>
    <property name="classworlds.conf" value="/usr/share/maven/bin/m2.conf"/>
    <property name="sun.jnu.encoding" value="UTF-8"/>
    <property name="java.library.path" value="/usr/java/packages/lib:/usr/lib64:/lib64:/lib:/usr/lib"/>
    <property name="maven.conf" value="/usr/share/maven/conf"/>
    <property name="jdk.debug" value="release"/>
    <property name="java.class.version" value="54.0"/>
    <property name="java.specification.name" value="Java Platform API Specification"/>
    <property name="sun.management.compiler" value="HotSpot 64-Bit Tiered Compilers"/>
    <property name="os.version" value="4.13.0-38-generic"/>
    <property name="library.jansi.path" value="/usr/share/maven/lib/jansi-native/linux64"/>
    <property name="user.home" value="/home/zulus"/>
    <property name="user.timezone" value="Europe/Kiev"/>
    <property name="java.awt.printerjob" value="sun.print.PSPrinterJob"/>
    <property name="file.encoding" value="UTF-8"/>
    <property name="java.specification.version" value="10"/>
    <property name="user.name" value="zulus"/>
    <property name="java.class.path" value="/usr/share/maven/boot/plexus-classworlds-2.x.jar"/>
    <property name="java.vm.specification.version" value="10"/>
    <property name="sun.arch.data.model" value="64"/>
    <property name="sun.java.command" value="org.codehaus.plexus.classworlds.launcher.Launcher test"/>
    <property name="java.home" value="/usr/lib/jvm/jdk-10"/>
    <property name="user.language" value="en"/>
    <property name="java.specification.vendor" value="Oracle Corporation"/>
    <property name="awt.toolkit" value="sun.awt.X11.XToolkit"/>
    <property name="java.vm.info" value="mixed mode"/>
    <property name="java.version" value="10"/>
    <property name="securerandom.source" value="file:/dev/./urandom"/>
    <property name="java.vendor" value="Oracle Corporation"/>
    <property name="maven.home" value="/usr/share/maven"/>
    <property name="file.separator" value="/"/>
    <property name="java.version.date" value="2018-03-20"/>
    <property name="java.vendor.url.bug" value="http://bugreport.java.com/bugreport/"/>
    <property name="sun.io.unicode.encoding" value="UnicodeLittle"/>
    <property name="sun.cpu.endian" value="little"/>
    <property name="java.vendor.version" value="18.3"/>
    <property name="sun.desktop" value="gnome"/>
    <property name="sun.cpu.isalist" value=""/>
  </properties>
  <testcase name="testSet_normal" classname="zulus.lab1.MatrixTest" time="0"/>
  <testcase name="testArrayConstructor_with0columns" classname="zulus.lab1.MatrixTest" time="0"/>
  <testcase name="testArrayConstructor_normal" classname="zulus.lab1.MatrixTest" time="0"/>
  <testcase name="testEquals_null" classname="zulus.lab1.MatrixTest" time="0"/>
  <testcase name="testMultiply_normalNotSquare" classname="zulus.lab1.MatrixTest" time="0.002"/>
  <testcase name="testEquals_matrixFromArray" classname="zulus.lab1.MatrixTest" time="0.001"/>
  <testcase name="testArrayConstructor_nullPointer" classname="zulus.lab1.MatrixTest" time="0.001"/>
  <testcase name="testEquals_differentDelta" classname="zulus.lab1.MatrixTest" time="0.002"/>
  <testcase name="testSet_outOfBound" classname="zulus.lab1.MatrixTest" time="0.013"/>
  <testcase name="testFillerConstructor_normal" classname="zulus.lab1.MatrixTest" time="0.003"/>
  <testcase name="testDeterminant_1x1" classname="zulus.lab1.MatrixTest" time="0.004"/>
  <testcase name="testDeterminant_2x2" classname="zulus.lab1.MatrixTest" time="0"/>
  <testcase name="testDeterminant_3x3" classname="zulus.lab1.MatrixTest" time="0.001"/>
  <testcase name="testDeterminant_4x4" classname="zulus.lab1.MatrixTest" time="0.009"/>
  <testcase name="testAdd_invalidSize" classname="zulus.lab1.MatrixTest" time="0.013"/>
  <testcase name="testDeterminant_notSquare" classname="zulus.lab1.MatrixTest" time="0.002"/>
  <testcase name="testTask_2x2" classname="zulus.lab1.MatrixTest" time="0.001"/>
  <testcase name="testTask_3x3" classname="zulus.lab1.MatrixTest" time="0"/>
  <testcase name="testGet_normal" classname="zulus.lab1.MatrixTest" time="0.002"/>
  <testcase name="testMultiply_normalSquare" classname="zulus.lab1.MatrixTest" time="0.01"/>
  <testcase name="testIsSquare" classname="zulus.lab1.MatrixTest" time="0"/>
  <testcase name="testDeterminant_isChangeAfterOperationExecution" classname="zulus.lab1.MatrixTest" time="0"/>
  <testcase name="testTask_diffDimensions" classname="zulus.lab1.MatrixTest" time="0.003"/>
  <testcase name="testTask_null" classname="zulus.lab1.MatrixTest" time="0.008"/>
  <testcase name="testGet_outOfBound" classname="zulus.lab1.MatrixTest" time="0.002"/>
  <testcase name="testBaseConstructor_invalidSize" classname="zulus.lab1.MatrixTest" time="0.01"/>
  <testcase name="testAdd_normal" classname="zulus.lab1.MatrixTest" time="0.004"/>
  <testcase name="testFillerConstructor_invalidSize" classname="zulus.lab1.MatrixTest" time="0.002"/>
  <testcase name="testBaseConstructor_normal" classname="zulus.lab1.MatrixTest" time="0.009"/>
</testsuite>